<?xml version="1.0" encoding="UTF-8"?>
<!-- Generated by org.testng.reporters.JUnitReportReporter -->
<testsuite hostname="Charless-MBP.attlocal.net" failures="0" tests="1" name="cucumber.TestNGTestRunner" time="12.029" errors="0" timestamp="2023-04-03T23:36:29 EDT" skipped="0">
  <testcase classname="cucumber.TestNGTestRunner" name="runScenario" time="12.029"/>
  <system-out/>
</testsuite> <!-- cucumber.TestNGTestRunner -->
