<?xml version="1.0" encoding="UTF-8"?>
<!-- Generated by org.testng.reporters.JUnitReportReporter -->
<testsuite hostname="Charless-MBP.attlocal.net" failures="0" tests="1" name="cucumber.TestNGTestRunner" time="16.509" errors="0" timestamp="2023-04-04T00:15:19 EDT" skipped="0">
  <testcase classname="cucumber.TestNGTestRunner" name="runScenario" time="16.509"/>
  <system-out/>
</testsuite> <!-- cucumber.TestNGTestRunner -->
